
============= MEMWATCH 2.71 Copyright (C) 1992-1999 Johan Lindh =============

Started at Wed Sep 16 14:14:47 2015

Modes: __STDC__ 64-bit mwDWORD==(unsigned int)
mwROUNDALLOC==8 sizeof(mwData)==56 mwDataSize==56


Stopped at Wed Sep 16 14:14:47 2015


Memory usage statistics (global):
 N)umber of allocations made: 16
 L)argest memory usage      : 454
 T)otal of all alloc() calls: 1426
 U)nfreed bytes totals      : 0

============= MEMWATCH 2.71 Copyright (C) 1992-1999 Johan Lindh =============

Started at Wed Sep 16 14:15:06 2015

Modes: __STDC__ 64-bit mwDWORD==(unsigned int)
mwROUNDALLOC==8 sizeof(mwData)==56 mwDataSize==56


Stopped at Wed Sep 16 14:15:06 2015


Memory usage statistics (global):
 N)umber of allocations made: 16
 L)argest memory usage      : 454
 T)otal of all alloc() calls: 1426
 U)nfreed bytes totals      : 0

============= MEMWATCH 2.71 Copyright (C) 1992-1999 Johan Lindh =============

Started at Wed Sep 16 14:15:30 2015

Modes: __STDC__ 64-bit mwDWORD==(unsigned int)
mwROUNDALLOC==8 sizeof(mwData)==56 mwDataSize==56


Stopped at Wed Sep 16 14:15:30 2015


Memory usage statistics (global):
 N)umber of allocations made: 16
 L)argest memory usage      : 454
 T)otal of all alloc() calls: 1426
 U)nfreed bytes totals      : 0
